2025-10-23 08:55:49 +0000 - dagster - DEBUG - __ASSET_JOB - 5b1991a3-0266-455f-ab11-ef4002976ac4 - 71 - LOGS_CAPTURED - Started capturing logs in process (pid: 71).
2025-10-23 08:55:50 +0000 - dagster - DEBUG - __ASSET_JOB - 5b1991a3-0266-455f-ab11-ef4002976ac4 - 71 - qa_referential_data - STEP_START - Started execution of step "qa_referential_data".
2025-10-23 08:55:50 +0000 - dagster - DEBUG - __ASSET_JOB - 5b1991a3-0266-455f-ab11-ef4002976ac4 - qa_referential_data - Replication config: {'source': 'QA_MSSQL', 'target': 'REFERENTIAL_POSTGRES', 'defaults': {'mode': 'full-refresh', 'object': 'raw.qa_{stream_table}', 'schema': 'raw'}, 'streams': {'dbo.DS2Company': {'meta': {'dagster': {'asset_key': 'qa_ds2company', 'group': 'ref_data'}}}, 'dbo.DS2Security': {'meta': {'dagster': {'asset_key': 'qa_ds2security', 'group': 'ref_data'}}}, 'dbo.DS2CtryQtInfo': {'sql': 'SELECT\n  *\nFROM dbo.DS2CtryQtInfo QT\nJOIN vw_SecurityMappingX X\n  ON X.vencode = QT.InfoCode\n  AND X.ventype = 33 AND X.rank = 1\n', 'meta': {'dagster': {'asset_key': 'qa_ds2ctryqtinfo', 'group': 'ref_data'}}}, 'dbo.RKDFndCmpRefIssue': {'sql': 'SELECT\n  *\nFROM RKDFndCmpRefIssue R\nJOIN vw_SecurityMappingX X\n  ON X.vencode = R.IssueCode\n  AND X.ventype = 26 and X.rank = 1\n', 'meta': {'dagster': {'asset_key': 'qa_rkdfndcmprefissue', 'group': 'ref_data'}}}, 'dbo.RKDFndCmpFiling': {'meta': {'dagster': {'asset_key': 'qa_rkdfndcmpfiling', 'group': 'ref_data'}}}, 'dbo.RKDFndCmpDet': {'meta': {'dagster': {'asset_key': 'qa_rkdfndcmpdet', 'group': 'ref_data'}}}, 'dbo.RKDFndCmpRef': {'meta': {'dagster': {'asset_key': 'qa_rkdfndcmpref', 'group': 'ref_data'}}}, 'dbo.RKDFndCmpWebLink': {'meta': {'dagster': {'asset_key': 'qa_rkdfndcmpweblink', 'group': 'ref_data'}}}, 'dbo.DS2Exchange': {'meta': {'dagster': {'asset_key': 'qa_ds2exchange', 'group': 'ref_data'}}}, 'dbo.DS2ExchQtInfo': {'meta': {'dagster': {'asset_key': 'qa_ds2exchqtinfo', 'group': 'ref_data'}}}, 'dbo.DS2XRef': {'meta': {'dagster': {'asset_key': 'qa_ds2xref', 'group': 'ref_data'}}}}}
2025-10-23 08:55:50 +0000 - dagster - DEBUG - __ASSET_JOB - 5b1991a3-0266-455f-ab11-ef4002976ac4 - qa_referential_data - Running Sling replication with command: /root/.sling/bin/sling/v1.4.22/sling run  -r /tmp/sling-replication-5a16ebd1-5961-4a17-912e-89efe8a9c56f.json
2025-10-23 08:57:32 +0000 - dagster - DEBUG - __ASSET_JOB - 5b1991a3-0266-455f-ab11-ef4002976ac4 - qa_referential_data - 8:55AM  Sling CLI | https://slingdata.io

2025-10-23 08:57:32 +0000 - dagster - DEBUG - __ASSET_JOB - 5b1991a3-0266-455f-ab11-ef4002976ac4 - qa_referential_data - 8:55AM  Sling Replication [11 streams] | QA_MSSQL -> REFERENTIAL_POSTGRES

2025-10-23 08:57:32 +0000 - dagster - DEBUG - __ASSET_JOB - 5b1991a3-0266-455f-ab11-ef4002976ac4 - qa_referential_data - 

2025-10-23 08:57:32 +0000 - dagster - DEBUG - __ASSET_JOB - 5b1991a3-0266-455f-ab11-ef4002976ac4 - qa_referential_data - 8:55AM  [1 / 11] running stream dbo.DS2Company

2025-10-23 08:57:32 +0000 - dagster - DEBUG - __ASSET_JOB - 5b1991a3-0266-455f-ab11-ef4002976ac4 - qa_referential_data - 8:55AM  connecting to source database (sqlserver)

2025-10-23 08:57:32 +0000 - dagster - DEBUG - __ASSET_JOB - 5b1991a3-0266-455f-ab11-ef4002976ac4 - qa_referential_data - 8:55AM  connecting to target database (postgres)

2025-10-23 08:57:32 +0000 - dagster - DEBUG - __ASSET_JOB - 5b1991a3-0266-455f-ab11-ef4002976ac4 - qa_referential_data - 8:55AM  reading from source database

2025-10-23 08:57:32 +0000 - dagster - DEBUG - __ASSET_JOB - 5b1991a3-0266-455f-ab11-ef4002976ac4 - qa_referential_data - 8:55AM  writing to target database [mode: full-refresh]

2025-10-23 08:57:32 +0000 - dagster - DEBUG - __ASSET_JOB - 5b1991a3-0266-455f-ab11-ef4002976ac4 - qa_referential_data - 8:55AM  created table "raw"."qa_ds2company_tmp"

2025-10-23 08:57:32 +0000 - dagster - DEBUG - __ASSET_JOB - 5b1991a3-0266-455f-ab11-ef4002976ac4 - qa_referential_data - 8:55AM  streaming data

2025-10-23 08:57:32 +0000 - dagster - DEBUG - __ASSET_JOB - 5b1991a3-0266-455f-ab11-ef4002976ac4 - qa_referential_data - 8:55AM  created table "raw"."qa_DS2Company"

2025-10-23 08:57:32 +0000 - dagster - DEBUG - __ASSET_JOB - 5b1991a3-0266-455f-ab11-ef4002976ac4 - qa_referential_data - 8:55AM  inserted 162079 rows into "raw"."qa_DS2Company" in 2 secs [74,282 r/s] [6.4 MB]

2025-10-23 08:57:32 +0000 - dagster - DEBUG - __ASSET_JOB - 5b1991a3-0266-455f-ab11-ef4002976ac4 - qa_referential_data - 8:55AM  execution succeeded

2025-10-23 08:57:32 +0000 - dagster - DEBUG - __ASSET_JOB - 5b1991a3-0266-455f-ab11-ef4002976ac4 - qa_referential_data - 

2025-10-23 08:57:32 +0000 - dagster - DEBUG - __ASSET_JOB - 5b1991a3-0266-455f-ab11-ef4002976ac4 - qa_referential_data - 8:55AM  [2 / 11] running stream dbo.DS2Security

2025-10-23 08:57:32 +0000 - dagster - DEBUG - __ASSET_JOB - 5b1991a3-0266-455f-ab11-ef4002976ac4 - qa_referential_data - 8:55AM  connecting to source database (sqlserver)

2025-10-23 08:57:32 +0000 - dagster - DEBUG - __ASSET_JOB - 5b1991a3-0266-455f-ab11-ef4002976ac4 - qa_referential_data - 8:55AM  connecting to target database (postgres)

2025-10-23 08:57:32 +0000 - dagster - DEBUG - __ASSET_JOB - 5b1991a3-0266-455f-ab11-ef4002976ac4 - qa_referential_data - 8:55AM  reading from source database

2025-10-23 08:57:32 +0000 - dagster - DEBUG - __ASSET_JOB - 5b1991a3-0266-455f-ab11-ef4002976ac4 - qa_referential_data - 8:55AM  writing to target database [mode: full-refresh]

2025-10-23 08:57:32 +0000 - dagster - DEBUG - __ASSET_JOB - 5b1991a3-0266-455f-ab11-ef4002976ac4 - qa_referential_data - 8:55AM  created table "raw"."qa_ds2security_tmp"

2025-10-23 08:57:32 +0000 - dagster - DEBUG - __ASSET_JOB - 5b1991a3-0266-455f-ab11-ef4002976ac4 - qa_referential_data - 8:55AM  streaming data

2025-10-23 08:57:32 +0000 - dagster - DEBUG - __ASSET_JOB - 5b1991a3-0266-455f-ab11-ef4002976ac4 - qa_referential_data - 8:55AM  created table "raw"."qa_DS2Security"

2025-10-23 08:57:32 +0000 - dagster - DEBUG - __ASSET_JOB - 5b1991a3-0266-455f-ab11-ef4002976ac4 - qa_referential_data - 8:55AM  inserted 203941 rows into "raw"."qa_DS2Security" in 4 secs [43,409 r/s] [22 MB]

2025-10-23 08:57:33 +0000 - dagster - DEBUG - __ASSET_JOB - 5b1991a3-0266-455f-ab11-ef4002976ac4 - qa_referential_data - 8:55AM  execution succeeded

2025-10-23 08:57:33 +0000 - dagster - DEBUG - __ASSET_JOB - 5b1991a3-0266-455f-ab11-ef4002976ac4 - qa_referential_data - 

2025-10-23 08:57:33 +0000 - dagster - DEBUG - __ASSET_JOB - 5b1991a3-0266-455f-ab11-ef4002976ac4 - qa_referential_data - 8:55AM  [3 / 11] running stream dbo.DS2CtryQtInfo

2025-10-23 08:57:33 +0000 - dagster - DEBUG - __ASSET_JOB - 5b1991a3-0266-455f-ab11-ef4002976ac4 - qa_referential_data - 8:55AM  connecting to source database (sqlserver)

2025-10-23 08:57:33 +0000 - dagster - DEBUG - __ASSET_JOB - 5b1991a3-0266-455f-ab11-ef4002976ac4 - qa_referential_data - 8:55AM  connecting to target database (postgres)

2025-10-23 08:57:33 +0000 - dagster - DEBUG - __ASSET_JOB - 5b1991a3-0266-455f-ab11-ef4002976ac4 - qa_referential_data - 8:55AM  reading from source database

2025-10-23 08:57:33 +0000 - dagster - DEBUG - __ASSET_JOB - 5b1991a3-0266-455f-ab11-ef4002976ac4 - qa_referential_data - 8:55AM  writing to target database [mode: full-refresh]

2025-10-23 08:57:33 +0000 - dagster - DEBUG - __ASSET_JOB - 5b1991a3-0266-455f-ab11-ef4002976ac4 - qa_referential_data - 8:55AM  created table "raw"."qa_ds2ctryqtinfo_tmp"

2025-10-23 08:57:33 +0000 - dagster - DEBUG - __ASSET_JOB - 5b1991a3-0266-455f-ab11-ef4002976ac4 - qa_referential_data - 8:55AM  streaming data

2025-10-23 08:57:33 +0000 - dagster - DEBUG - __ASSET_JOB - 5b1991a3-0266-455f-ab11-ef4002976ac4 - qa_referential_data - 8:56AM  created table "raw"."qa_DS2CtryQtInfo"

2025-10-23 08:57:33 +0000 - dagster - DEBUG - __ASSET_JOB - 5b1991a3-0266-455f-ab11-ef4002976ac4 - qa_referential_data - 8:56AM  inserted 271547 rows into "raw"."qa_DS2CtryQtInfo" in 8 secs [31,876 r/s] [51 MB]

2025-10-23 08:57:33 +0000 - dagster - DEBUG - __ASSET_JOB - 5b1991a3-0266-455f-ab11-ef4002976ac4 - qa_referential_data - 8:56AM  execution succeeded

2025-10-23 08:57:33 +0000 - dagster - DEBUG - __ASSET_JOB - 5b1991a3-0266-455f-ab11-ef4002976ac4 - qa_referential_data - 

2025-10-23 08:57:33 +0000 - dagster - DEBUG - __ASSET_JOB - 5b1991a3-0266-455f-ab11-ef4002976ac4 - qa_referential_data - 8:56AM  [4 / 11] running stream dbo.RKDFndCmpRefIssue

2025-10-23 08:57:33 +0000 - dagster - DEBUG - __ASSET_JOB - 5b1991a3-0266-455f-ab11-ef4002976ac4 - qa_referential_data - 8:56AM  connecting to source database (sqlserver)

2025-10-23 08:57:33 +0000 - dagster - DEBUG - __ASSET_JOB - 5b1991a3-0266-455f-ab11-ef4002976ac4 - qa_referential_data - 8:56AM  connecting to target database (postgres)

2025-10-23 08:57:33 +0000 - dagster - DEBUG - __ASSET_JOB - 5b1991a3-0266-455f-ab11-ef4002976ac4 - qa_referential_data - 8:56AM  reading from source database

2025-10-23 08:57:33 +0000 - dagster - DEBUG - __ASSET_JOB - 5b1991a3-0266-455f-ab11-ef4002976ac4 - qa_referential_data - 8:56AM  writing to target database [mode: full-refresh]

2025-10-23 08:57:33 +0000 - dagster - DEBUG - __ASSET_JOB - 5b1991a3-0266-455f-ab11-ef4002976ac4 - qa_referential_data - 8:56AM  created table "raw"."qa_rkdfndcmprefissue_tmp"

2025-10-23 08:57:33 +0000 - dagster - DEBUG - __ASSET_JOB - 5b1991a3-0266-455f-ab11-ef4002976ac4 - qa_referential_data - 8:56AM  streaming data

2025-10-23 08:57:33 +0000 - dagster - DEBUG - __ASSET_JOB - 5b1991a3-0266-455f-ab11-ef4002976ac4 - qa_referential_data - 8:56AM  created table "raw"."qa_RKDFndCmpRefIssue"

2025-10-23 08:57:33 +0000 - dagster - DEBUG - __ASSET_JOB - 5b1991a3-0266-455f-ab11-ef4002976ac4 - qa_referential_data - 8:56AM  inserted 108192 rows into "raw"."qa_RKDFndCmpRefIssue" in 4 secs [22,895 r/s] [25 MB]

2025-10-23 08:57:33 +0000 - dagster - DEBUG - __ASSET_JOB - 5b1991a3-0266-455f-ab11-ef4002976ac4 - qa_referential_data - 8:56AM  execution succeeded

2025-10-23 08:57:33 +0000 - dagster - DEBUG - __ASSET_JOB - 5b1991a3-0266-455f-ab11-ef4002976ac4 - qa_referential_data - 

2025-10-23 08:57:33 +0000 - dagster - DEBUG - __ASSET_JOB - 5b1991a3-0266-455f-ab11-ef4002976ac4 - qa_referential_data - 8:56AM  [5 / 11] running stream dbo.RKDFndCmpFiling

2025-10-23 08:57:33 +0000 - dagster - DEBUG - __ASSET_JOB - 5b1991a3-0266-455f-ab11-ef4002976ac4 - qa_referential_data - 8:56AM  connecting to source database (sqlserver)

2025-10-23 08:57:33 +0000 - dagster - DEBUG - __ASSET_JOB - 5b1991a3-0266-455f-ab11-ef4002976ac4 - qa_referential_data - 8:56AM  connecting to target database (postgres)

2025-10-23 08:57:33 +0000 - dagster - DEBUG - __ASSET_JOB - 5b1991a3-0266-455f-ab11-ef4002976ac4 - qa_referential_data - 8:56AM  reading from source database

2025-10-23 08:57:33 +0000 - dagster - DEBUG - __ASSET_JOB - 5b1991a3-0266-455f-ab11-ef4002976ac4 - qa_referential_data - 8:56AM  writing to target database [mode: full-refresh]

2025-10-23 08:57:33 +0000 - dagster - DEBUG - __ASSET_JOB - 5b1991a3-0266-455f-ab11-ef4002976ac4 - qa_referential_data - 8:56AM  created table "raw"."qa_rkdfndcmpfiling_tmp"

2025-10-23 08:57:33 +0000 - dagster - DEBUG - __ASSET_JOB - 5b1991a3-0266-455f-ab11-ef4002976ac4 - qa_referential_data - 8:56AM  streaming data

2025-10-23 08:57:33 +0000 - dagster - DEBUG - __ASSET_JOB - 5b1991a3-0266-455f-ab11-ef4002976ac4 - qa_referential_data - 8:56AM  created table "raw"."qa_RKDFndCmpFiling"

2025-10-23 08:57:33 +0000 - dagster - DEBUG - __ASSET_JOB - 5b1991a3-0266-455f-ab11-ef4002976ac4 - qa_referential_data - 8:56AM  inserted 381921 rows into "raw"."qa_RKDFndCmpFiling" in 28 secs [13,417 r/s] [174 MB]

2025-10-23 08:57:33 +0000 - dagster - DEBUG - __ASSET_JOB - 5b1991a3-0266-455f-ab11-ef4002976ac4 - qa_referential_data - 8:56AM  execution succeeded

2025-10-23 08:57:33 +0000 - dagster - DEBUG - __ASSET_JOB - 5b1991a3-0266-455f-ab11-ef4002976ac4 - qa_referential_data - 

2025-10-23 08:57:33 +0000 - dagster - DEBUG - __ASSET_JOB - 5b1991a3-0266-455f-ab11-ef4002976ac4 - qa_referential_data - 8:56AM  [6 / 11] running stream dbo.RKDFndCmpDet

2025-10-23 08:57:33 +0000 - dagster - DEBUG - __ASSET_JOB - 5b1991a3-0266-455f-ab11-ef4002976ac4 - qa_referential_data - 8:56AM  connecting to source database (sqlserver)

2025-10-23 08:57:33 +0000 - dagster - DEBUG - __ASSET_JOB - 5b1991a3-0266-455f-ab11-ef4002976ac4 - qa_referential_data - 8:56AM  connecting to target database (postgres)

2025-10-23 08:57:33 +0000 - dagster - DEBUG - __ASSET_JOB - 5b1991a3-0266-455f-ab11-ef4002976ac4 - qa_referential_data - 8:56AM  reading from source database

2025-10-23 08:57:33 +0000 - dagster - DEBUG - __ASSET_JOB - 5b1991a3-0266-455f-ab11-ef4002976ac4 - qa_referential_data - 8:56AM  writing to target database [mode: full-refresh]

2025-10-23 08:57:33 +0000 - dagster - DEBUG - __ASSET_JOB - 5b1991a3-0266-455f-ab11-ef4002976ac4 - qa_referential_data - 8:56AM  created table "raw"."qa_rkdfndcmpdet_tmp"

2025-10-23 08:57:33 +0000 - dagster - DEBUG - __ASSET_JOB - 5b1991a3-0266-455f-ab11-ef4002976ac4 - qa_referential_data - 8:56AM  streaming data

2025-10-23 08:57:33 +0000 - dagster - DEBUG - __ASSET_JOB - 5b1991a3-0266-455f-ab11-ef4002976ac4 - qa_referential_data - 8:56AM  created table "raw"."qa_RKDFndCmpDet"

2025-10-23 08:57:33 +0000 - dagster - DEBUG - __ASSET_JOB - 5b1991a3-0266-455f-ab11-ef4002976ac4 - qa_referential_data - 8:56AM  inserted 137671 rows into "raw"."qa_RKDFndCmpDet" in 6 secs [21,007 r/s] [38 MB]

2025-10-23 08:57:33 +0000 - dagster - DEBUG - __ASSET_JOB - 5b1991a3-0266-455f-ab11-ef4002976ac4 - qa_referential_data - 8:56AM  execution succeeded

2025-10-23 08:57:33 +0000 - dagster - DEBUG - __ASSET_JOB - 5b1991a3-0266-455f-ab11-ef4002976ac4 - qa_referential_data - 

2025-10-23 08:57:33 +0000 - dagster - DEBUG - __ASSET_JOB - 5b1991a3-0266-455f-ab11-ef4002976ac4 - qa_referential_data - 8:56AM  [7 / 11] running stream dbo.RKDFndCmpRef

2025-10-23 08:57:33 +0000 - dagster - DEBUG - __ASSET_JOB - 5b1991a3-0266-455f-ab11-ef4002976ac4 - qa_referential_data - 8:56AM  connecting to source database (sqlserver)

2025-10-23 08:57:33 +0000 - dagster - DEBUG - __ASSET_JOB - 5b1991a3-0266-455f-ab11-ef4002976ac4 - qa_referential_data - 8:56AM  connecting to target database (postgres)

2025-10-23 08:57:33 +0000 - dagster - DEBUG - __ASSET_JOB - 5b1991a3-0266-455f-ab11-ef4002976ac4 - qa_referential_data - 8:56AM  reading from source database

2025-10-23 08:57:33 +0000 - dagster - DEBUG - __ASSET_JOB - 5b1991a3-0266-455f-ab11-ef4002976ac4 - qa_referential_data - 8:56AM  writing to target database [mode: full-refresh]

2025-10-23 08:57:33 +0000 - dagster - DEBUG - __ASSET_JOB - 5b1991a3-0266-455f-ab11-ef4002976ac4 - qa_referential_data - 8:56AM  created table "raw"."qa_rkdfndcmpref_tmp"

2025-10-23 08:57:33 +0000 - dagster - DEBUG - __ASSET_JOB - 5b1991a3-0266-455f-ab11-ef4002976ac4 - qa_referential_data - 8:56AM  streaming data

2025-10-23 08:57:33 +0000 - dagster - DEBUG - __ASSET_JOB - 5b1991a3-0266-455f-ab11-ef4002976ac4 - qa_referential_data - 8:56AM  created table "raw"."qa_RKDFndCmpRef"

2025-10-23 08:57:33 +0000 - dagster - DEBUG - __ASSET_JOB - 5b1991a3-0266-455f-ab11-ef4002976ac4 - qa_referential_data - 8:56AM  inserted 138792 rows into "raw"."qa_RKDFndCmpRef" in 5 secs [23,598 r/s] [33 MB]

2025-10-23 08:57:33 +0000 - dagster - DEBUG - __ASSET_JOB - 5b1991a3-0266-455f-ab11-ef4002976ac4 - qa_referential_data - 8:56AM  execution succeeded

2025-10-23 08:57:33 +0000 - dagster - DEBUG - __ASSET_JOB - 5b1991a3-0266-455f-ab11-ef4002976ac4 - qa_referential_data - 

2025-10-23 08:57:33 +0000 - dagster - DEBUG - __ASSET_JOB - 5b1991a3-0266-455f-ab11-ef4002976ac4 - qa_referential_data - 8:56AM  [8 / 11] running stream dbo.RKDFndCmpWebLink

2025-10-23 08:57:33 +0000 - dagster - DEBUG - __ASSET_JOB - 5b1991a3-0266-455f-ab11-ef4002976ac4 - qa_referential_data - 8:56AM  connecting to source database (sqlserver)

2025-10-23 08:57:34 +0000 - dagster - DEBUG - __ASSET_JOB - 5b1991a3-0266-455f-ab11-ef4002976ac4 - qa_referential_data - 8:56AM  connecting to target database (postgres)

2025-10-23 08:57:34 +0000 - dagster - DEBUG - __ASSET_JOB - 5b1991a3-0266-455f-ab11-ef4002976ac4 - qa_referential_data - 8:56AM  reading from source database

2025-10-23 08:57:34 +0000 - dagster - DEBUG - __ASSET_JOB - 5b1991a3-0266-455f-ab11-ef4002976ac4 - qa_referential_data - 8:56AM  writing to target database [mode: full-refresh]

2025-10-23 08:57:34 +0000 - dagster - DEBUG - __ASSET_JOB - 5b1991a3-0266-455f-ab11-ef4002976ac4 - qa_referential_data - 8:56AM  created table "raw"."qa_rkdfndcmpweblink_tmp"

2025-10-23 08:57:34 +0000 - dagster - DEBUG - __ASSET_JOB - 5b1991a3-0266-455f-ab11-ef4002976ac4 - qa_referential_data - 8:56AM  streaming data

2025-10-23 08:57:34 +0000 - dagster - DEBUG - __ASSET_JOB - 5b1991a3-0266-455f-ab11-ef4002976ac4 - qa_referential_data - 8:57AM  created table "raw"."qa_RKDFndCmpWebLink"

2025-10-23 08:57:34 +0000 - dagster - DEBUG - __ASSET_JOB - 5b1991a3-0266-455f-ab11-ef4002976ac4 - qa_referential_data - 8:57AM  inserted 395216 rows into "raw"."qa_RKDFndCmpWebLink" in 8 secs [48,158 r/s] [34 MB]

2025-10-23 08:57:34 +0000 - dagster - DEBUG - __ASSET_JOB - 5b1991a3-0266-455f-ab11-ef4002976ac4 - qa_referential_data - 8:57AM  execution succeeded

2025-10-23 08:57:34 +0000 - dagster - DEBUG - __ASSET_JOB - 5b1991a3-0266-455f-ab11-ef4002976ac4 - qa_referential_data - 

2025-10-23 08:57:34 +0000 - dagster - DEBUG - __ASSET_JOB - 5b1991a3-0266-455f-ab11-ef4002976ac4 - qa_referential_data - 8:57AM  [9 / 11] running stream dbo.DS2Exchange

2025-10-23 08:57:34 +0000 - dagster - DEBUG - __ASSET_JOB - 5b1991a3-0266-455f-ab11-ef4002976ac4 - qa_referential_data - 8:57AM  connecting to source database (sqlserver)

2025-10-23 08:57:34 +0000 - dagster - DEBUG - __ASSET_JOB - 5b1991a3-0266-455f-ab11-ef4002976ac4 - qa_referential_data - 8:57AM  connecting to target database (postgres)

2025-10-23 08:57:34 +0000 - dagster - DEBUG - __ASSET_JOB - 5b1991a3-0266-455f-ab11-ef4002976ac4 - qa_referential_data - 8:57AM  reading from source database

2025-10-23 08:57:34 +0000 - dagster - DEBUG - __ASSET_JOB - 5b1991a3-0266-455f-ab11-ef4002976ac4 - qa_referential_data - 8:57AM  writing to target database [mode: full-refresh]

2025-10-23 08:57:34 +0000 - dagster - DEBUG - __ASSET_JOB - 5b1991a3-0266-455f-ab11-ef4002976ac4 - qa_referential_data - 8:57AM  created table "raw"."qa_ds2exchange_tmp"

2025-10-23 08:57:34 +0000 - dagster - DEBUG - __ASSET_JOB - 5b1991a3-0266-455f-ab11-ef4002976ac4 - qa_referential_data - 8:57AM  streaming data

2025-10-23 08:57:34 +0000 - dagster - DEBUG - __ASSET_JOB - 5b1991a3-0266-455f-ab11-ef4002976ac4 - qa_referential_data - 8:57AM  created table "raw"."qa_DS2Exchange"

2025-10-23 08:57:34 +0000 - dagster - DEBUG - __ASSET_JOB - 5b1991a3-0266-455f-ab11-ef4002976ac4 - qa_referential_data - 8:57AM  inserted 410 rows into "raw"."qa_DS2Exchange" in 0 secs [1,018 r/s] [14 kB]

2025-10-23 08:57:34 +0000 - dagster - DEBUG - __ASSET_JOB - 5b1991a3-0266-455f-ab11-ef4002976ac4 - qa_referential_data - 8:57AM  execution succeeded

2025-10-23 08:57:34 +0000 - dagster - DEBUG - __ASSET_JOB - 5b1991a3-0266-455f-ab11-ef4002976ac4 - qa_referential_data - 

2025-10-23 08:57:34 +0000 - dagster - DEBUG - __ASSET_JOB - 5b1991a3-0266-455f-ab11-ef4002976ac4 - qa_referential_data - 8:57AM  [10 / 11] running stream dbo.DS2ExchQtInfo

2025-10-23 08:57:34 +0000 - dagster - DEBUG - __ASSET_JOB - 5b1991a3-0266-455f-ab11-ef4002976ac4 - qa_referential_data - 8:57AM  connecting to source database (sqlserver)

2025-10-23 08:57:34 +0000 - dagster - DEBUG - __ASSET_JOB - 5b1991a3-0266-455f-ab11-ef4002976ac4 - qa_referential_data - 8:57AM  connecting to target database (postgres)

2025-10-23 08:57:34 +0000 - dagster - DEBUG - __ASSET_JOB - 5b1991a3-0266-455f-ab11-ef4002976ac4 - qa_referential_data - 8:57AM  reading from source database

2025-10-23 08:57:34 +0000 - dagster - DEBUG - __ASSET_JOB - 5b1991a3-0266-455f-ab11-ef4002976ac4 - qa_referential_data - 8:57AM  writing to target database [mode: full-refresh]

2025-10-23 08:57:34 +0000 - dagster - DEBUG - __ASSET_JOB - 5b1991a3-0266-455f-ab11-ef4002976ac4 - qa_referential_data - 8:57AM  created table "raw"."qa_ds2exchqtinfo_tmp"

2025-10-23 08:57:34 +0000 - dagster - DEBUG - __ASSET_JOB - 5b1991a3-0266-455f-ab11-ef4002976ac4 - qa_referential_data - 8:57AM  streaming data

2025-10-23 08:57:34 +0000 - dagster - DEBUG - __ASSET_JOB - 5b1991a3-0266-455f-ab11-ef4002976ac4 - qa_referential_data - 8:57AM  created table "raw"."qa_DS2ExchQtInfo"

2025-10-23 08:57:34 +0000 - dagster - DEBUG - __ASSET_JOB - 5b1991a3-0266-455f-ab11-ef4002976ac4 - qa_referential_data - 8:57AM  inserted 1089041 rows into "raw"."qa_DS2ExchQtInfo" in 23 secs [46,349 r/s] [112 MB]

2025-10-23 08:57:34 +0000 - dagster - DEBUG - __ASSET_JOB - 5b1991a3-0266-455f-ab11-ef4002976ac4 - qa_referential_data - 8:57AM  execution succeeded

2025-10-23 08:57:34 +0000 - dagster - DEBUG - __ASSET_JOB - 5b1991a3-0266-455f-ab11-ef4002976ac4 - qa_referential_data - 

2025-10-23 08:57:34 +0000 - dagster - DEBUG - __ASSET_JOB - 5b1991a3-0266-455f-ab11-ef4002976ac4 - qa_referential_data - 8:57AM  [11 / 11] running stream dbo.DS2XRef

2025-10-23 08:57:34 +0000 - dagster - DEBUG - __ASSET_JOB - 5b1991a3-0266-455f-ab11-ef4002976ac4 - qa_referential_data - 8:57AM  connecting to source database (sqlserver)

2025-10-23 08:57:34 +0000 - dagster - DEBUG - __ASSET_JOB - 5b1991a3-0266-455f-ab11-ef4002976ac4 - qa_referential_data - 8:57AM  connecting to target database (postgres)

2025-10-23 08:57:34 +0000 - dagster - DEBUG - __ASSET_JOB - 5b1991a3-0266-455f-ab11-ef4002976ac4 - qa_referential_data - 8:57AM  reading from source database

2025-10-23 08:57:34 +0000 - dagster - DEBUG - __ASSET_JOB - 5b1991a3-0266-455f-ab11-ef4002976ac4 - qa_referential_data - 8:57AM  writing to target database [mode: full-refresh]

2025-10-23 08:57:34 +0000 - dagster - DEBUG - __ASSET_JOB - 5b1991a3-0266-455f-ab11-ef4002976ac4 - qa_referential_data - 8:57AM  created table "raw"."qa_ds2xref_tmp"

2025-10-23 08:57:34 +0000 - dagster - DEBUG - __ASSET_JOB - 5b1991a3-0266-455f-ab11-ef4002976ac4 - qa_referential_data - 8:57AM  streaming data

2025-10-23 08:57:34 +0000 - dagster - DEBUG - __ASSET_JOB - 5b1991a3-0266-455f-ab11-ef4002976ac4 - qa_referential_data - 8:57AM  created table "raw"."qa_DS2XRef"

2025-10-23 08:57:34 +0000 - dagster - DEBUG - __ASSET_JOB - 5b1991a3-0266-455f-ab11-ef4002976ac4 - qa_referential_data - 8:57AM  inserted 10076 rows into "raw"."qa_DS2XRef" in 0 secs [14,913 r/s] [202 kB]

2025-10-23 08:57:34 +0000 - dagster - DEBUG - __ASSET_JOB - 5b1991a3-0266-455f-ab11-ef4002976ac4 - qa_referential_data - 8:57AM  execution succeeded

2025-10-23 08:57:34 +0000 - dagster - DEBUG - __ASSET_JOB - 5b1991a3-0266-455f-ab11-ef4002976ac4 - qa_referential_data - 

2025-10-23 08:57:34 +0000 - dagster - DEBUG - __ASSET_JOB - 5b1991a3-0266-455f-ab11-ef4002976ac4 - qa_referential_data - 8:57AM  Sling Replication Completed in 1m 35s | QA_MSSQL -> REFERENTIAL_POSTGRES | 11 Successes | 0 Failures

2025-10-23 08:57:34 +0000 - dagster - DEBUG - __ASSET_JOB - 5b1991a3-0266-455f-ab11-ef4002976ac4 - qa_referential_data - 

2025-10-23 08:57:34 +0000 - dagster - DEBUG - __ASSET_JOB - 5b1991a3-0266-455f-ab11-ef4002976ac4 - 71 - qa_referential_data - STEP_OUTPUT - Yielded output "qa_ds2company" of type "Nothing". (Type check passed).
2025-10-23 08:57:34 +0000 - dagster - DEBUG - __ASSET_JOB - 5b1991a3-0266-455f-ab11-ef4002976ac4 - 71 - qa_referential_data - ASSET_MATERIALIZATION - Materialized value qa_ds2company.
2025-10-23 08:57:34 +0000 - dagster - DEBUG - __ASSET_JOB - 5b1991a3-0266-455f-ab11-ef4002976ac4 - 71 - qa_referential_data - STEP_OUTPUT - Yielded output "qa_ds2security" of type "Nothing". (Type check passed).
2025-10-23 08:57:34 +0000 - dagster - DEBUG - __ASSET_JOB - 5b1991a3-0266-455f-ab11-ef4002976ac4 - 71 - qa_referential_data - ASSET_MATERIALIZATION - Materialized value qa_ds2security.
2025-10-23 08:57:34 +0000 - dagster - DEBUG - __ASSET_JOB - 5b1991a3-0266-455f-ab11-ef4002976ac4 - 71 - qa_referential_data - STEP_OUTPUT - Yielded output "qa_ds2ctryqtinfo" of type "Nothing". (Type check passed).
2025-10-23 08:57:34 +0000 - dagster - DEBUG - __ASSET_JOB - 5b1991a3-0266-455f-ab11-ef4002976ac4 - 71 - qa_referential_data - ASSET_MATERIALIZATION - Materialized value qa_ds2ctryqtinfo.
2025-10-23 08:57:34 +0000 - dagster - DEBUG - __ASSET_JOB - 5b1991a3-0266-455f-ab11-ef4002976ac4 - 71 - qa_referential_data - STEP_OUTPUT - Yielded output "qa_rkdfndcmprefissue" of type "Nothing". (Type check passed).
2025-10-23 08:57:34 +0000 - dagster - DEBUG - __ASSET_JOB - 5b1991a3-0266-455f-ab11-ef4002976ac4 - 71 - qa_referential_data - ASSET_MATERIALIZATION - Materialized value qa_rkdfndcmprefissue.
2025-10-23 08:57:34 +0000 - dagster - DEBUG - __ASSET_JOB - 5b1991a3-0266-455f-ab11-ef4002976ac4 - 71 - qa_referential_data - STEP_OUTPUT - Yielded output "qa_rkdfndcmpfiling" of type "Nothing". (Type check passed).
2025-10-23 08:57:34 +0000 - dagster - DEBUG - __ASSET_JOB - 5b1991a3-0266-455f-ab11-ef4002976ac4 - 71 - qa_referential_data - ASSET_MATERIALIZATION - Materialized value qa_rkdfndcmpfiling.
2025-10-23 08:57:35 +0000 - dagster - DEBUG - __ASSET_JOB - 5b1991a3-0266-455f-ab11-ef4002976ac4 - 71 - qa_referential_data - STEP_OUTPUT - Yielded output "qa_rkdfndcmpdet" of type "Nothing". (Type check passed).
2025-10-23 08:57:35 +0000 - dagster - DEBUG - __ASSET_JOB - 5b1991a3-0266-455f-ab11-ef4002976ac4 - 71 - qa_referential_data - ASSET_MATERIALIZATION - Materialized value qa_rkdfndcmpdet.
2025-10-23 08:57:35 +0000 - dagster - DEBUG - __ASSET_JOB - 5b1991a3-0266-455f-ab11-ef4002976ac4 - 71 - qa_referential_data - STEP_OUTPUT - Yielded output "qa_rkdfndcmpref" of type "Nothing". (Type check passed).
2025-10-23 08:57:35 +0000 - dagster - DEBUG - __ASSET_JOB - 5b1991a3-0266-455f-ab11-ef4002976ac4 - 71 - qa_referential_data - ASSET_MATERIALIZATION - Materialized value qa_rkdfndcmpref.
2025-10-23 08:57:35 +0000 - dagster - DEBUG - __ASSET_JOB - 5b1991a3-0266-455f-ab11-ef4002976ac4 - 71 - qa_referential_data - STEP_OUTPUT - Yielded output "qa_rkdfndcmpweblink" of type "Nothing". (Type check passed).
2025-10-23 08:57:35 +0000 - dagster - DEBUG - __ASSET_JOB - 5b1991a3-0266-455f-ab11-ef4002976ac4 - 71 - qa_referential_data - ASSET_MATERIALIZATION - Materialized value qa_rkdfndcmpweblink.
2025-10-23 08:57:35 +0000 - dagster - DEBUG - __ASSET_JOB - 5b1991a3-0266-455f-ab11-ef4002976ac4 - 71 - qa_referential_data - STEP_OUTPUT - Yielded output "qa_ds2exchange" of type "Nothing". (Type check passed).
2025-10-23 08:57:35 +0000 - dagster - DEBUG - __ASSET_JOB - 5b1991a3-0266-455f-ab11-ef4002976ac4 - 71 - qa_referential_data - ASSET_MATERIALIZATION - Materialized value qa_ds2exchange.
2025-10-23 08:57:35 +0000 - dagster - DEBUG - __ASSET_JOB - 5b1991a3-0266-455f-ab11-ef4002976ac4 - 71 - qa_referential_data - STEP_OUTPUT - Yielded output "qa_ds2exchqtinfo" of type "Nothing". (Type check passed).
2025-10-23 08:57:35 +0000 - dagster - DEBUG - __ASSET_JOB - 5b1991a3-0266-455f-ab11-ef4002976ac4 - 71 - qa_referential_data - ASSET_MATERIALIZATION - Materialized value qa_ds2exchqtinfo.
2025-10-23 08:57:35 +0000 - dagster - DEBUG - __ASSET_JOB - 5b1991a3-0266-455f-ab11-ef4002976ac4 - 71 - qa_referential_data - STEP_OUTPUT - Yielded output "qa_ds2xref" of type "Nothing". (Type check passed).
2025-10-23 08:57:35 +0000 - dagster - DEBUG - __ASSET_JOB - 5b1991a3-0266-455f-ab11-ef4002976ac4 - 71 - qa_referential_data - ASSET_MATERIALIZATION - Materialized value qa_ds2xref.
2025-10-23 08:57:35 +0000 - dagster - DEBUG - __ASSET_JOB - 5b1991a3-0266-455f-ab11-ef4002976ac4 - 71 - qa_referential_data - STEP_SUCCESS - Finished execution of step "qa_referential_data" in 1m39s.
