Running with dbt=1.10.13
Registered adapter: postgres=1.9.1
Unable to do partial parsing because profile has changed
Found 4 models, 16 sources, 448 macros

Concurrency: 4 threads (target='dev')

1 of 4 START sql view model staging.stg_qa_instrument .......................... [RUN]
1 of 4 OK created sql view model staging.stg_qa_instrument ..................... [[32mCREATE VIEW[0m in 0.17s]
2 of 4 START sql incremental model staging.stg_equity_instrument ............... [RUN]
2 of 4 OK created sql incremental model staging.stg_equity_instrument .......... [[32mSELECT 101898[0m in 1.50s]
3 of 4 START sql incremental model referential.instrument ...................... [RUN]
4 of 4 START sql incremental model staging.stg_equity .......................... [RUN]
3 of 4 ERROR creating sql incremental model referential.instrument ............. [[31mERROR[0m in 0.29s]
4 of 4 OK created sql incremental model staging.stg_equity ..................... [[32mSELECT 102224[0m in 1.06s]

Finished running 3 incremental models, 1 view model in 0 hours 0 minutes and 3.01 seconds (3.01s).

[31mCompleted with 1 error, 0 partial successes, and 0 warnings:[0m

[31mFailure in model instrument (models/referential/instrument.sql)[0m
  Database Error in model instrument (models/referential/instrument.sql)
  column "instrument_id" does not exist
  LINE 16:         select "instrument_id", "symbol", "name", "instrumen...
                          ^
  DETAIL:  There is a column named "instrument_id" in table "instrument", but it cannot be referenced from this part of the query.
  compiled code at target/dbt_models-5b1991a-3e6a2dc/run/master_instrument/models/referential/instrument.sql

  compiled code at target/dbt_models-5b1991a-3e6a2dc/compiled/master_instrument/models/referential/instrument.sql

Done. PASS=3 WARN=0 ERROR=1 SKIP=0 NO-OP=0 TOTAL=4
